<?xml version="1.0" encoding="UTF-8"?>
<!-- Generated by org.testng.reporters.JUnitXMLReporter -->
<testsuite ignored="0" hostname="Hari" failures="0" tests="4" name="API" time="6.811" errors="0" timestamp="2024-06-27T09:06:15 IST">
  <testcase classname="API_NonBDD.GET_RA003" name="getRequestNonBDD" time="1.966"/>
  <testcase classname="API_NonBDD.POST_RA005" name="putRequestNonBDD" time="1.476"/>
  <testcase classname="API_NonBDD.PUT_RA006" name="putRequestNonBDD" time="1.884"/>
  <testcase classname="API_NonBDD.PATCH_RA007" name="patchRequestNonBDD" time="1.384"/>
</testsuite> <!-- API -->
