<?xml version="1.0" encoding="UTF-8"?>
<testng-results ignored="0" total="2" passed="2" failed="0" skipped="0">
  <reporter-output>
  </reporter-output>
  <suite started-at="2024-07-01T17:46:34 IST" name="Default suite" finished-at="2024-07-01T17:46:34 IST" duration-ms="412">
    <groups>
    </groups>
    <test started-at="2024-07-01T17:46:34 IST" name="Default test" finished-at="2024-07-01T17:46:34 IST" duration-ms="412">
      <class name="Payload.Deserialization">
        <test-method signature="gsonTest()[pri:0, instance:Payload.Deserialization@5f9be66c]" started-at="2024-07-01T17:46:34 IST" name="gsonTest" finished-at="2024-07-01T17:46:34 IST" duration-ms="94" status="PASS">
          <reporter-output>
          </reporter-output>
        </test-method> <!-- gsonTest -->
        <test-method signature="jacksonTest()[pri:0, instance:Payload.Deserialization@5f9be66c]" started-at="2024-07-01T17:46:34 IST" name="jacksonTest" finished-at="2024-07-01T17:46:34 IST" duration-ms="187" status="PASS">
          <reporter-output>
          </reporter-output>
        </test-method> <!-- jacksonTest -->
      </class> <!-- Payload.Deserialization -->
    </test> <!-- Default test -->
  </suite> <!-- Default suite -->
</testng-results>
